0 info it worked if it ends with ok
1 verbose cli [ '/usr/bin/node', '/usr/bin/npm', 'run', 'build:prod' ]
2 info using npm@3.10.10
3 info using node@v6.12.3
4 verbose run-script [ 'prebuild:prod', 'build:prod', 'postbuild:prod' ]
5 info lifecycle front@1.0.0~prebuild:prod: front@1.0.0
6 silly lifecycle front@1.0.0~prebuild:prod: no script for prebuild:prod, continuing
7 info lifecycle front@1.0.0~build:prod: front@1.0.0
8 verbose lifecycle front@1.0.0~build:prod: unsafe-perm in lifecycle true
9 verbose lifecycle front@1.0.0~build:prod: PATH: /usr/lib/node_modules/npm/bin/node-gyp-bin:/home/antti/reaktori/back/client/node_modules/.bin:/usr/local/bin:/usr/bin:/bin:/usr/local/games:/usr/games
10 verbose lifecycle front@1.0.0~build:prod: CWD: /home/antti/reaktori/back/client
11 silly lifecycle front@1.0.0~build:prod: Args: [ '-c',
11 silly lifecycle   'webpack -p && cp src/index.html dist/index.html && cp -r src/static_content dist/static_content' ]
12 silly lifecycle front@1.0.0~build:prod: Returned: code: 1  signal: null
13 info lifecycle front@1.0.0~build:prod: Failed to exec build:prod script
14 verbose stack Error: front@1.0.0 build:prod: `webpack -p && cp src/index.html dist/index.html && cp -r src/static_content dist/static_content`
14 verbose stack Exit status 1
14 verbose stack     at EventEmitter.<anonymous> (/usr/lib/node_modules/npm/lib/utils/lifecycle.js:255:16)
14 verbose stack     at emitTwo (events.js:106:13)
14 verbose stack     at EventEmitter.emit (events.js:191:7)
14 verbose stack     at ChildProcess.<anonymous> (/usr/lib/node_modules/npm/lib/utils/spawn.js:40:14)
14 verbose stack     at emitTwo (events.js:106:13)
14 verbose stack     at ChildProcess.emit (events.js:191:7)
14 verbose stack     at maybeClose (internal/child_process.js:920:16)
14 verbose stack     at Process.ChildProcess._handle.onexit (internal/child_process.js:230:5)
15 verbose pkgid front@1.0.0
16 verbose cwd /home/antti/reaktori/back/client/src/app
17 error Linux 4.9.0-5-amd64
18 error argv "/usr/bin/node" "/usr/bin/npm" "run" "build:prod"
19 error node v6.12.3
20 error npm  v3.10.10
21 error code ELIFECYCLE
22 error front@1.0.0 build:prod: `webpack -p && cp src/index.html dist/index.html && cp -r src/static_content dist/static_content`
22 error Exit status 1
23 error Failed at the front@1.0.0 build:prod script 'webpack -p && cp src/index.html dist/index.html && cp -r src/static_content dist/static_content'.
23 error Make sure you have the latest version of node.js and npm installed.
23 error If you do, this is most likely a problem with the front package,
23 error not with npm itself.
23 error Tell the author that this fails on your system:
23 error     webpack -p && cp src/index.html dist/index.html && cp -r src/static_content dist/static_content
23 error You can get information on how to open an issue for this project with:
23 error     npm bugs front
23 error Or if that isn't available, you can get their info via:
23 error     npm owner ls front
23 error There is likely additional logging output above.
24 verbose exit [ 1, true ]
